\BOOKMARK [1][-]{section.1}{\376\377\000I\000n\000t\000r\000o\000d\000u\000c\000t\000i\000o\000n}{}% 1
\BOOKMARK [2][-]{subsection.1.1}{\376\377\000P\000u\000r\000p\000o\000s\000e\000\040\000a\000n\000d\000\040\000S\000c\000o\000p\000e}{section.1}% 2
\BOOKMARK [2][-]{subsection.1.2}{\376\377\000C\000o\000m\000p\000a\000r\000i\000s\000o\000n\000\040\000w\000i\000t\000h\000\040\000M\000o\000n\000t\000e\000\040\000C\000a\000r\000l\000o\000\040\000M\000e\000t\000h\000o\000d\000s}{section.1}% 3
\BOOKMARK [1][-]{section.2}{\376\377\000N\000e\000u\000t\000r\000o\000n\000\040\000T\000r\000a\000n\000s\000p\000o\000r\000t\000\040\000T\000h\000e\000o\000r\000y}{}% 4
\BOOKMARK [2][-]{subsection.2.1}{\376\377\000T\000h\000e\000\040\000N\000e\000u\000t\000r\000o\000n\000\040\000T\000r\000a\000n\000s\000p\000o\000r\000t\000\040\000E\000q\000u\000a\000t\000i\000o\000n}{section.2}% 5
\BOOKMARK [2][-]{subsection.2.2}{\376\377\000S\000i\000m\000p\000l\000i\000f\000i\000c\000a\000t\000i\000o\000n\000\040\000t\000o\000\040\000D\000i\000f\000f\000u\000s\000i\000o\000n\000\040\000T\000h\000e\000o\000r\000y}{section.2}% 6
\BOOKMARK [2][-]{subsection.2.3}{\376\377\000V\000a\000l\000i\000d\000i\000t\000y\000\040\000o\000f\000\040\000D\000i\000f\000f\000u\000s\000i\000o\000n\000\040\000T\000h\000e\000o\000r\000y}{section.2}% 7
\BOOKMARK [1][-]{section.3}{\376\377\000T\000h\000e\000\040\000S\000t\000e\000a\000d\000y\000-\000S\000t\000a\000t\000e\000\040\000N\000e\000u\000t\000r\000o\000n\000\040\000D\000i\000f\000f\000u\000s\000i\000o\000n\000\040\000E\000q\000u\000a\000t\000i\000o\000n}{}% 8
\BOOKMARK [2][-]{subsection.3.1}{\376\377\000O\000n\000e\000-\000G\000r\000o\000u\000p\000\040\000D\000i\000f\000f\000u\000s\000i\000o\000n\000\040\000E\000q\000u\000a\000t\000i\000o\000n}{section.3}% 9
\BOOKMARK [2][-]{subsection.3.2}{\376\377\000T\000w\000o\000-\000G\000r\000o\000u\000p\000\040\000D\000i\000f\000f\000u\000s\000i\000o\000n\000\040\000E\000q\000u\000a\000t\000i\000o\000n\000s}{section.3}% 10
\BOOKMARK [2][-]{subsection.3.3}{\376\377\000P\000h\000y\000s\000i\000c\000a\000l\000\040\000M\000e\000a\000n\000i\000n\000g\000\040\000o\000f\000\040\000k\000e\000f\000f}{section.3}% 11
\BOOKMARK [2][-]{subsection.3.4}{\376\377\000R\000e\000a\000c\000t\000i\000v\000i\000t\000y}{section.3}% 12
\BOOKMARK [1][-]{section.4}{\376\377\000M\000a\000t\000r\000i\000x\000\040\000F\000o\000r\000m\000u\000l\000a\000t\000i\000o\000n\000\040\000o\000f\000\040\000t\000h\000e\000\040\000E\000i\000g\000e\000n\000v\000a\000l\000u\000e\000\040\000P\000r\000o\000b\000l\000e\000m}{}% 13
\BOOKMARK [2][-]{subsection.4.1}{\376\377\000G\000e\000n\000e\000r\000a\000l\000\040\000F\000o\000r\000m}{section.4}% 14
\BOOKMARK [2][-]{subsection.4.2}{\376\377\000B\000l\000o\000c\000k\000\040\000M\000a\000t\000r\000i\000x\000\040\000S\000t\000r\000u\000c\000t\000u\000r\000e\000\040\000A\000f\000t\000e\000r\000\040\000D\000i\000s\000c\000r\000e\000t\000i\000z\000a\000t\000i\000o\000n}{section.4}% 15
\BOOKMARK [1][-]{section.5}{\376\377\000F\000i\000n\000i\000t\000e\000\040\000D\000i\000f\000f\000e\000r\000e\000n\000c\000e\000\040\000D\000i\000s\000c\000r\000e\000t\000i\000z\000a\000t\000i\000o\000n}{}% 16
\BOOKMARK [2][-]{subsection.5.1}{\376\377\000S\000p\000a\000t\000i\000a\000l\000\040\000M\000e\000s\000h}{section.5}% 17
\BOOKMARK [2][-]{subsection.5.2}{\376\377\000F\000i\000n\000i\000t\000e\000\040\000D\000i\000f\000f\000e\000r\000e\000n\000c\000e\000\040\000A\000p\000p\000r\000o\000x\000i\000m\000a\000t\000i\000o\000n\000\040\000o\000f\000\040\000t\000h\000e\000\040\000D\000i\000f\000f\000u\000s\000i\000o\000n\000\040\000T\000e\000r\000m}{section.5}% 18
\BOOKMARK [2][-]{subsection.5.3}{\376\377\000I\000n\000t\000e\000r\000f\000a\000c\000e\000\040\000D\000i\000f\000f\000u\000s\000i\000o\000n\000\040\000C\000o\000e\000f\000f\000i\000c\000i\000e\000n\000t\000\040\040\024\000\040\000H\000a\000r\000m\000o\000n\000i\000c\000\040\000M\000e\000a\000n}{section.5}% 19
\BOOKMARK [2][-]{subsection.5.4}{\376\377\000B\000o\000u\000n\000d\000a\000r\000y\000\040\000C\000o\000n\000d\000i\000t\000i\000o\000n\000s}{section.5}% 20
\BOOKMARK [2][-]{subsection.5.5}{\376\377\000T\000h\000e\000\040\000T\000r\000i\000d\000i\000a\000g\000o\000n\000a\000l\000\040\000L\000o\000s\000s\000\040\000M\000a\000t\000r\000i\000x}{section.5}% 21
\BOOKMARK [1][-]{section.6}{\376\377\000P\000o\000w\000e\000r\000\040\000I\000t\000e\000r\000a\000t\000i\000o\000n\000\040\000M\000e\000t\000h\000o\000d}{}% 22
\BOOKMARK [2][-]{subsection.6.1}{\376\377\000T\000h\000e\000\040\000E\000i\000g\000e\000n\000v\000a\000l\000u\000e\000\040\000P\000r\000o\000b\000l\000e\000m}{section.6}% 23
\BOOKMARK [2][-]{subsection.6.2}{\376\377\000P\000o\000w\000e\000r\000\040\000I\000t\000e\000r\000a\000t\000i\000o\000n\000\040\000A\000l\000g\000o\000r\000i\000t\000h\000m}{section.6}% 24
\BOOKMARK [2][-]{subsection.6.3}{\376\377\000C\000o\000n\000v\000e\000r\000g\000e\000n\000c\000e\000\040\000C\000r\000i\000t\000e\000r\000i\000a}{section.6}% 25
\BOOKMARK [2][-]{subsection.6.4}{\376\377\000W\000h\000y\000\040\000N\000o\000r\000m\000a\000l\000i\000s\000e\000\040\000t\000h\000e\000\040\000F\000l\000u\000x\000?}{section.6}% 26
\BOOKMARK [2][-]{subsection.6.5}{\376\377\000C\000o\000n\000v\000e\000r\000g\000e\000n\000c\000e\000\040\000R\000a\000t\000e}{section.6}% 27
\BOOKMARK [2][-]{subsection.6.6}{\376\377\000I\000n\000n\000e\000r\000\040\000L\000i\000n\000e\000a\000r\000\040\000S\000o\000l\000v\000e}{section.6}% 28
\BOOKMARK [1][-]{section.7}{\376\377\000A\000n\000a\000l\000y\000t\000i\000c\000a\000l\000\040\000B\000e\000n\000c\000h\000m\000a\000r\000k\000\040\040\024\000\040\000B\000a\000r\000e\000\040\000H\000o\000m\000o\000g\000e\000n\000e\000o\000u\000s\000\040\000S\000l\000a\000b}{}% 29
\BOOKMARK [2][-]{subsection.7.1}{\376\377\000E\000x\000a\000c\000t\000\040\000T\000w\000o\000-\000G\000r\000o\000u\000p\000\040\000S\000o\000l\000u\000t\000i\000o\000n}{section.7}% 30
\BOOKMARK [2][-]{subsection.7.2}{\376\377\000T\000w\000o\000-\000G\000r\000o\000u\000p\000\040\000C\000r\000i\000t\000i\000c\000a\000l\000i\000t\000y\000\040\000E\000q\000u\000a\000t\000i\000o\000n}{section.7}% 31
\BOOKMARK [2][-]{subsection.7.3}{\376\377\000B\000e\000n\000c\000h\000m\000a\000r\000k\000\040\000R\000e\000s\000u\000l\000t}{section.7}% 32
\BOOKMARK [1][-]{section.8}{\376\377\000P\000o\000w\000e\000r\000\040\000D\000i\000s\000t\000r\000i\000b\000u\000t\000i\000o\000n}{}% 33
\BOOKMARK [2][-]{subsection.8.1}{\376\377\000F\000i\000s\000s\000i\000o\000n\000\040\000P\000o\000w\000e\000r\000\040\000D\000e\000n\000s\000i\000t\000y}{section.8}% 34
\BOOKMARK [2][-]{subsection.8.2}{\376\377\000P\000o\000w\000e\000r\000\040\000P\000e\000a\000k\000i\000n\000g\000\040\000F\000a\000c\000t\000o\000r}{section.8}% 35
\BOOKMARK [1][-]{section.9}{\376\377\000C\000r\000o\000s\000s\000\040\000S\000e\000c\000t\000i\000o\000n\000\040\000D\000a\000t\000a}{}% 36
\BOOKMARK [2][-]{subsection.9.1}{\376\377\000T\000w\000o\000-\000G\000r\000o\000u\000p\000\040\000C\000o\000n\000s\000t\000a\000n\000t\000s}{section.9}% 37
\BOOKMARK [2][-]{subsection.9.2}{\376\377\000T\000y\000p\000i\000c\000a\000l\000\040\000P\000W\000R\000\040\000T\000w\000o\000-\000G\000r\000o\000u\000p\000\040\000C\000o\000n\000s\000t\000a\000n\000t\000s}{section.9}% 38
\BOOKMARK [2][-]{subsection.9.3}{\376\377\000G\000e\000n\000e\000r\000a\000t\000i\000o\000n\000\040\000o\000f\000\040\000A\000c\000c\000u\000r\000a\000t\000e\000\040\000G\000r\000o\000u\000p\000\040\000C\000o\000n\000s\000t\000a\000n\000t\000s}{section.9}% 39
\BOOKMARK [1][-]{section.10}{\376\377\000N\000u\000m\000e\000r\000i\000c\000a\000l\000\040\000A\000c\000c\000u\000r\000a\000c\000y\000\040\000a\000n\000d\000\040\000E\000r\000r\000o\000r\000\040\000A\000n\000a\000l\000y\000s\000i\000s}{}% 40
\BOOKMARK [2][-]{subsection.10.1}{\376\377\000D\000i\000s\000c\000r\000e\000t\000i\000s\000a\000t\000i\000o\000n\000\040\000E\000r\000r\000o\000r}{section.10}% 41
\BOOKMARK [2][-]{subsection.10.2}{\376\377\000I\000t\000e\000r\000a\000t\000i\000o\000n\000\040\000C\000o\000n\000v\000e\000r\000g\000e\000n\000c\000e}{section.10}% 42
\BOOKMARK [1][-]{section.11}{\376\377\000S\000u\000m\000m\000a\000r\000y\000\040\000o\000f\000\040\000P\000y\000R\000e\000a\000c\000t\000o\000r\000\040\000v\0001\000.\0000\000\040\000C\000a\000p\000a\000b\000i\000l\000i\000t\000i\000e\000s}{}% 43
\BOOKMARK [1][-]{section.12}{\376\377\000R\000e\000f\000e\000r\000e\000n\000c\000e\000s}{}% 44
